#
# There is insufficient memory for the Java Runtime Environment to continue.
# Native memory allocation (malloc) failed to allocate 570432 bytes. Error detail: Chunk::new
# Possible reasons:
#   The system is out of physical RAM or swap space
#   This process is running with CompressedOops enabled, and the Java Heap may be blocking the growth of the native heap
# Possible solutions:
#   Reduce memory load on the system
#   Increase physical memory or swap space
#   Check if swap backing store is full
#   Decrease Java heap size (-Xmx/-Xms)
#   Decrease number of Java threads
#   Decrease Java thread stack sizes (-Xss)
#   Set larger code cache with -XX:ReservedCodeCacheSize=
#   JVM is running with Unscaled Compressed Oops mode in which the Java heap is
#     placed in the first 4GB address space. The Java Heap base address is the
#     maximum limit for the native heap growth. Please use -XX:HeapBaseMinAddress
#     to set the Java Heap base and to place the Java Heap above 4GB virtual address.
# This output file may be truncated or incomplete.
#
#  Out of Memory Error (arena.cpp:168), pid=21404, tid=10320
#
# JRE version: OpenJDK Runtime Environment Temurin-21.0.8+9 (21.0.8+9) (build 21.0.8+9-LTS)
# Java VM: OpenJDK 64-Bit Server VM Temurin-21.0.8+9 (21.0.8+9-LTS, mixed mode, sharing, tiered, compressed oops, compressed class ptrs, parallel gc, windows-amd64)
# No core dump will be written. Minidumps are not enabled by default on client versions of Windows
#

---------------  S U M M A R Y ------------

Command Line: --add-modules=ALL-SYSTEM --add-opens=java.base/java.util=ALL-UNNAMED --add-opens=java.base/java.lang=ALL-UNNAMED --add-opens=java.base/sun.nio.fs=ALL-UNNAMED -Declipse.application=org.eclipse.jdt.ls.core.id1 -Dosgi.bundles.defaultStartLevel=4 -Declipse.product=org.eclipse.jdt.ls.core.product -Djava.import.generatesMetadataFilesAtProjectRoot=false -DDetectVMInstallationsJob.disabled=true -Dfile.encoding=utf8 -XX:+UseParallelGC -XX:GCTimeRatio=4 -XX:AdaptiveSizePolicyWeight=90 -Dsun.zip.disableMemoryMapping=true -Xmx2G -Xms100m -Xlog:disable -javaagent:c:\Users\ASUS\.vscode\extensions\redhat.java-1.45.0-win32-x64\lombok\lombok-1.18.39-4050.jar c:\Users\ASUS\.vscode\extensions\redhat.java-1.45.0-win32-x64\server\plugins\org.eclipse.equinox.launcher_1.7.0.v20250519-0528.jar -configuration c:\Users\ASUS\AppData\Roaming\Code\User\globalStorage\redhat.java\1.45.0\config_ss_win -data c:\Users\ASUS\AppData\Roaming\Code\User\workspaceStorage\bec8b7863ce966058d92dfe9fdbe782c\redhat.java\ss_ws --pipe=\\.\pipe\lsp-1db2354e74a2adf2ae746f57064ad98d-sock

Host: AMD Ryzen 3 3250U with Radeon Graphics         , 4 cores, 5G,  Windows 11 , 64 bit Build 26100 (10.0.26100.5074)
Time: Tue Sep 30 19:12:08 2025 SE Asia Standard Time elapsed time: 3.070811 seconds (0d 0h 0m 3s)

---------------  T H R E A D  ---------------

Current thread (0x0000027620067aa0):  JavaThread "C2 CompilerThread0" daemon [_thread_in_native, id=10320, stack(0x000000ae4fd00000,0x000000ae4fe00000) (1024K)]


Current CompileTask:
C2:3070  976   !   4       java.util.jar.Attributes::read (494 bytes)

Stack: [0x000000ae4fd00000,0x000000ae4fe00000]
Native frames: (J=compiled Java code, j=interpreted, Vv=VM code, C=native code)
V  [jvm.dll+0x6d2449]
V  [jvm.dll+0x8ae341]
V  [jvm.dll+0x8b08be]
V  [jvm.dll+0x8b0fa3]
V  [jvm.dll+0x280c96]
V  [jvm.dll+0xc581d]
V  [jvm.dll+0xc5d53]
V  [jvm.dll+0x3b919c]
V  [jvm.dll+0x385315]
V  [jvm.dll+0x38477a]
V  [jvm.dll+0x248ed0]
V  [jvm.dll+0x2484af]
V  [jvm.dll+0x1c89ee]
V  [jvm.dll+0x257d4d]
V  [jvm.dll+0x2562ea]
V  [jvm.dll+0x3f2d16]
V  [jvm.dll+0x857e6b]
V  [jvm.dll+0x6d0b0d]
C  [ucrtbase.dll+0x37b0]
C  [KERNEL32.DLL+0x2e8d7]
C  [ntdll.dll+0x8d9c]


---------------  P R O C E S S  ---------------

Threads class SMR info:
_java_thread_list=0x000002767d3a4bf0, length=11, elements={
0x000002762016cb50, 0x000002762005a790, 0x000002762005dc10, 0x0000027620060760,
0x00000276200613b0, 0x0000027620063e10, 0x0000027620064860, 0x0000027620067aa0,
0x00000276200dd7c0, 0x00000276787994e0, 0x0000027678949f30
}

Java Threads: ( => current thread )
  0x000002762016cb50 JavaThread "main"                              [_thread_in_vm, id=2248, stack(0x000000ae4f300000,0x000000ae4f400000) (1024K)]
  0x000002762005a790 JavaThread "Reference Handler"          daemon [_thread_blocked, id=19940, stack(0x000000ae4f700000,0x000000ae4f800000) (1024K)]
  0x000002762005dc10 JavaThread "Finalizer"                  daemon [_thread_blocked, id=15656, stack(0x000000ae4f800000,0x000000ae4f900000) (1024K)]
  0x0000027620060760 JavaThread "Signal Dispatcher"          daemon [_thread_blocked, id=20172, stack(0x000000ae4f900000,0x000000ae4fa00000) (1024K)]
  0x00000276200613b0 JavaThread "Attach Listener"            daemon [_thread_blocked, id=16976, stack(0x000000ae4fa00000,0x000000ae4fb00000) (1024K)]
  0x0000027620063e10 JavaThread "Service Thread"             daemon [_thread_blocked, id=8000, stack(0x000000ae4fb00000,0x000000ae4fc00000) (1024K)]
  0x0000027620064860 JavaThread "Monitor Deflation Thread"   daemon [_thread_blocked, id=20768, stack(0x000000ae4fc00000,0x000000ae4fd00000) (1024K)]
=>0x0000027620067aa0 JavaThread "C2 CompilerThread0"         daemon [_thread_in_native, id=10320, stack(0x000000ae4fd00000,0x000000ae4fe00000) (1024K)]
  0x00000276200dd7c0 JavaThread "C1 CompilerThread0"         daemon [_thread_blocked, id=14916, stack(0x000000ae4fe00000,0x000000ae4ff00000) (1024K)]
  0x00000276787994e0 JavaThread "Common-Cleaner"             daemon [_thread_blocked, id=4736, stack(0x000000ae4ff00000,0x000000ae50000000) (1024K)]
  0x0000027678949f30 JavaThread "Notification Thread"        daemon [_thread_blocked, id=20288, stack(0x000000ae50000000,0x000000ae50100000) (1024K)]
Total: 11

Other Threads:
  0x000002762022c420 VMThread "VM Thread"                           [id=9500, stack(0x000000ae4f600000,0x000000ae4f700000) (1024K)]
  0x000002761fffca10 WatcherThread "VM Periodic Task Thread"        [id=11140, stack(0x000000ae4f500000,0x000000ae4f600000) (1024K)]
  0x0000027620189c40 WorkerThread "GC Thread#0"                     [id=17092, stack(0x000000ae4f400000,0x000000ae4f500000) (1024K)]
Total: 3

Threads with active compile tasks:
C2 CompilerThread0  3115  976   !   4       java.util.jar.Attributes::read (494 bytes)
Total: 1

VM state: not at safepoint (normal execution)

VM Mutex/Monitor currently owned by a thread: None

Heap address: 0x0000000080000000, size: 2048 MB, Compressed Oops mode: 32-bit

CDS archive(s) mapped at: [0x0000027637000000-0x0000027637ba0000-0x0000027637ba0000), size 12189696, SharedBaseAddress: 0x0000027637000000, ArchiveRelocationMode: 1.
Compressed class space mapped at: 0x0000027638000000-0x0000027678000000, reserved size: 1073741824
Narrow klass base: 0x0000027637000000, Narrow klass shift: 0, Narrow klass range: 0x100000000

GC Precious Log:
 CardTable entry size: 512
 CPUs: 4 total, 4 available
 Memory: 6093M
 Large Page Support: Disabled
 NUMA Support: Disabled
 Compressed Oops: Enabled (32-bit)
 Alignments: Space 512K, Generation 512K, Heap 2M
 Heap Min Capacity: 100M
 Heap Initial Capacity: 100M
 Heap Max Capacity: 2G
 Pre-touch: Disabled
 Parallel Workers: 4

Heap:
 PSYoungGen      total 29696K, used 20382K [0x00000000d5580000, 0x00000000d7680000, 0x0000000100000000)
  eden space 25600K, 79% used [0x00000000d5580000,0x00000000d6967890,0x00000000d6e80000)
  from space 4096K, 0% used [0x00000000d7280000,0x00000000d7280000,0x00000000d7680000)
  to   space 4096K, 0% used [0x00000000d6e80000,0x00000000d6e80000,0x00000000d7280000)
 ParOldGen       total 68608K, used 0K [0x0000000080000000, 0x0000000084300000, 0x00000000d5580000)
  object space 68608K, 0% used [0x0000000080000000,0x0000000080000000,0x0000000084300000)
 Metaspace       used 3559K, committed 3840K, reserved 1114112K
  class space    used 388K, committed 512K, reserved 1048576K

Card table byte_map: [0x000002761fb10000,0x000002761ff20000] _byte_map_base: 0x000002761f710000

Marking Bits: (ParMarkBitMap*) 0x00007ff979e9a340
 Begin Bits: [0x0000027632610000, 0x0000027634610000)
 End Bits:   [0x0000027634610000, 0x0000027636610000)

Polling page: 0x000002761df60000

Metaspace:

Usage:
  Non-class:      3.10 MB used.
      Class:    388.46 KB used.
       Both:      3.48 MB used.

Virtual space:
  Non-class space:       64.00 MB reserved,       3.25 MB (  5%) committed,  1 nodes.
      Class space:        1.00 GB reserved,     512.00 KB ( <1%) committed,  1 nodes.
             Both:        1.06 GB reserved,       3.75 MB ( <1%) committed. 

Chunk freelists:
   Non-Class:  11.46 MB
       Class:  15.47 MB
        Both:  26.94 MB

MaxMetaspaceSize: unlimited
CompressedClassSpaceSize: 1.00 GB
Initial GC threshold: 21.00 MB
Current GC threshold: 21.00 MB
CDS: on
 - commit_granule_bytes: 65536.
 - commit_granule_words: 8192.
 - virtual_space_node_default_size: 8388608.
 - enlarge_chunks_in_place: 1.
 - use_allocation_guard: 0.


Internal statistics:

num_allocs_failed_limit: 0.
num_arena_births: 170.
num_arena_deaths: 0.
num_vsnodes_births: 2.
num_vsnodes_deaths: 0.
num_space_committed: 60.
num_space_uncommitted: 0.
num_chunks_returned_to_freelist: 0.
num_chunks_taken_from_freelist: 213.
num_chunk_merges: 0.
num_chunk_splits: 139.
num_chunks_enlarged: 77.
num_inconsistent_stats: 0.

CodeHeap 'non-profiled nmethods': size=120000Kb used=400Kb max_used=400Kb free=119599Kb
 bounds [0x000002762ae30000, 0x000002762b0a0000, 0x0000027632360000]
CodeHeap 'profiled nmethods': size=120000Kb used=1568Kb max_used=1568Kb free=118431Kb
 bounds [0x0000027623360000, 0x00000276235d0000, 0x000002762a890000]
CodeHeap 'non-nmethods': size=5760Kb used=1190Kb max_used=1221Kb free=4569Kb
 bounds [0x000002762a890000, 0x000002762ab00000, 0x000002762ae30000]
CodeCache: size=245760Kb, used=3158Kb, max_used=3189Kb, free=242599Kb
 total_blobs=1440, nmethods=990, adapters=357, full_count=0
Compilation: enabled, stopped_count=0, restarted_count=0

Compilation events (20 events):
Event: 3.013 Thread 0x00000276200dd7c0  983 %     3       java.math.BigInteger::implMultiplyToLen @ 135 (216 bytes)
Event: 3.014 Thread 0x00000276200dd7c0 nmethod 983% 0x00000276234e0790 code [0x00000276234e09a0, 0x00000276234e1088]
Event: 3.014 Thread 0x00000276200dd7c0  984       3       java.math.BigInteger::implMultiplyToLen (216 bytes)
Event: 3.015 Thread 0x00000276200dd7c0 nmethod 984 0x00000276234e1510 code [0x00000276234e1700, 0x00000276234e1ca8]
Event: 3.015 Thread 0x00000276200dd7c0  986       3       sun.security.util.DerValue::toDigit (51 bytes)
Event: 3.016 Thread 0x00000276200dd7c0 nmethod 986 0x00000276234e2090 code [0x00000276234e22e0, 0x00000276234e2990]
Event: 3.016 Thread 0x00000276200dd7c0  987       3       java.util.Arrays::hashCode (60 bytes)
Event: 3.016 Thread 0x00000276200dd7c0 nmethod 987 0x00000276234e2c90 code [0x00000276234e2e60, 0x00000276234e30e8]
Event: 3.025 Thread 0x00000276200dd7c0  988  s    3       java.util.Hashtable::put (104 bytes)
Event: 3.025 Thread 0x00000276200dd7c0 nmethod 988 0x00000276234e3210 code [0x00000276234e3420, 0x00000276234e3af8]
Event: 3.025 Thread 0x00000276200dd7c0  991  s    3       java.util.Hashtable::get (69 bytes)
Event: 3.026 Thread 0x00000276200dd7c0 nmethod 991 0x00000276234e3d90 code [0x00000276234e3f80, 0x00000276234e44d0]
Event: 3.026 Thread 0x00000276200dd7c0  989       3       java.util.Hashtable::addEntry (87 bytes)
Event: 3.026 Thread 0x00000276200dd7c0 nmethod 989 0x00000276234e4690 code [0x00000276234e4880, 0x00000276234e4eb0]
Event: 3.026 Thread 0x00000276200dd7c0  990       3       java.util.Hashtable$Entry::<init> (26 bytes)
Event: 3.026 Thread 0x00000276200dd7c0 nmethod 990 0x00000276234e5110 code [0x00000276234e52c0, 0x00000276234e5470]
Event: 3.026 Thread 0x00000276200dd7c0  992       3       sun.security.util.SignatureFileVerifier::updateSigners (132 bytes)
Event: 3.028 Thread 0x00000276200dd7c0 nmethod 992 0x00000276234e5510 code [0x00000276234e57c0, 0x00000276234e6680]
Event: 3.028 Thread 0x00000276200dd7c0  993       3       sun.security.util.SignatureFileVerifier::matches (89 bytes)
Event: 3.029 Thread 0x00000276200dd7c0 nmethod 993 0x00000276234e6c90 code [0x00000276234e6f40, 0x00000276234e7d90]

GC Heap History (0 events):
No events

Dll operation events (8 events):
Event: 0.029 Loaded shared library c:\Users\ASUS\.vscode\extensions\redhat.java-1.45.0-win32-x64\jre\21.0.8-win32-x86_64\bin\java.dll
Event: 0.230 Loaded shared library c:\Users\ASUS\.vscode\extensions\redhat.java-1.45.0-win32-x64\jre\21.0.8-win32-x86_64\bin\zip.dll
Event: 0.293 Loaded shared library C:\Users\ASUS\.vscode\extensions\redhat.java-1.45.0-win32-x64\jre\21.0.8-win32-x86_64\bin\instrument.dll
Event: 0.315 Loaded shared library C:\Users\ASUS\.vscode\extensions\redhat.java-1.45.0-win32-x64\jre\21.0.8-win32-x86_64\bin\net.dll
Event: 0.333 Loaded shared library C:\Users\ASUS\.vscode\extensions\redhat.java-1.45.0-win32-x64\jre\21.0.8-win32-x86_64\bin\nio.dll
Event: 0.341 Loaded shared library C:\Users\ASUS\.vscode\extensions\redhat.java-1.45.0-win32-x64\jre\21.0.8-win32-x86_64\bin\zip.dll
Event: 0.410 Loaded shared library C:\Users\ASUS\.vscode\extensions\redhat.java-1.45.0-win32-x64\jre\21.0.8-win32-x86_64\bin\jimage.dll
Event: 0.929 Loaded shared library c:\Users\ASUS\.vscode\extensions\redhat.java-1.45.0-win32-x64\jre\21.0.8-win32-x86_64\bin\verify.dll

Deoptimization events (20 events):
Event: 2.112 Thread 0x000002762016cb50 DEOPT PACKING pc=0x000002762ae82fac sp=0x000000ae4f3fdad0
Event: 2.112 Thread 0x000002762016cb50 DEOPT UNPACKING pc=0x000002762a8e3aa2 sp=0x000000ae4f3fda00 mode 2
Event: 2.115 Thread 0x000002762016cb50 Uncommon trap: trap_request=0xffffff45 fr.pc=0x000002762ae62550 relative=0x00000000000005f0
Event: 2.115 Thread 0x000002762016cb50 Uncommon trap: reason=unstable_if action=reinterpret pc=0x000002762ae62550 method=java.lang.AbstractStringBuilder.append(Ljava/lang/String;)Ljava/lang/AbstractStringBuilder; @ 1 c2
Event: 2.115 Thread 0x000002762016cb50 DEOPT PACKING pc=0x000002762ae62550 sp=0x000000ae4f3fde30
Event: 2.116 Thread 0x000002762016cb50 DEOPT UNPACKING pc=0x000002762a8e3aa2 sp=0x000000ae4f3fddc0 mode 2
Event: 2.160 Thread 0x000002762016cb50 DEOPT PACKING pc=0x000002762347045d sp=0x000000ae4f3fd2d0
Event: 2.160 Thread 0x000002762016cb50 DEOPT UNPACKING pc=0x000002762a8e4242 sp=0x000000ae4f3fc748 mode 0
Event: 2.910 Thread 0x000002762016cb50 DEOPT PACKING pc=0x00000276234d5eb1 sp=0x000000ae4f3feb40
Event: 2.910 Thread 0x000002762016cb50 DEOPT UNPACKING pc=0x000002762a8e4242 sp=0x000000ae4f3fdfb8 mode 0
Event: 2.948 Thread 0x000002762016cb50 DEOPT PACKING pc=0x00000276234d5eb1 sp=0x000000ae4f3feb40
Event: 2.948 Thread 0x000002762016cb50 DEOPT UNPACKING pc=0x000002762a8e4242 sp=0x000000ae4f3fdfb8 mode 0
Event: 2.949 Thread 0x000002762016cb50 Uncommon trap: trap_request=0xffffff45 fr.pc=0x000002762ae9324c relative=0x000000000000028c
Event: 2.949 Thread 0x000002762016cb50 Uncommon trap: reason=unstable_if action=reinterpret pc=0x000002762ae9324c method=sun.security.util.ManifestDigester.findSection(ILsun/security/util/ManifestDigester$Position;)Z @ 30 c2
Event: 2.949 Thread 0x000002762016cb50 DEOPT PACKING pc=0x000002762ae9324c sp=0x000000ae4f3feb40
Event: 2.949 Thread 0x000002762016cb50 DEOPT UNPACKING pc=0x000002762a8e3aa2 sp=0x000000ae4f3feab8 mode 2
Event: 3.009 Thread 0x000002762016cb50 Uncommon trap: trap_request=0xffffffc6 fr.pc=0x000002762ae922c0 relative=0x00000000000002e0
Event: 3.009 Thread 0x000002762016cb50 Uncommon trap: reason=bimorphic_or_optimized_type_check action=maybe_recompile pc=0x000002762ae922c0 method=java.util.HashMap.getNode(Ljava/lang/Object;)Ljava/util/HashMap$Node; @ 128 c2
Event: 3.009 Thread 0x000002762016cb50 DEOPT PACKING pc=0x000002762ae922c0 sp=0x000000ae4f3fe2d0
Event: 3.009 Thread 0x000002762016cb50 DEOPT UNPACKING pc=0x000002762a8e3aa2 sp=0x000000ae4f3fe248 mode 2

Classes loaded (20 events):
Event: 2.576 Loading class sun/nio/fs/WindowsFileSystemProvider$1
Event: 2.576 Loading class sun/nio/fs/WindowsFileSystemProvider$1 done
Event: 2.576 Loading class sun/nio/fs/WindowsLinkSupport
Event: 2.576 Loading class sun/nio/fs/WindowsLinkSupport done
Event: 2.577 Loading class sun/nio/fs/WindowsAclFileAttributeView
Event: 2.577 Loading class sun/nio/fs/AbstractAclFileAttributeView
Event: 2.578 Loading class java/nio/file/attribute/AclFileAttributeView
Event: 2.578 Loading class java/nio/file/attribute/FileOwnerAttributeView
Event: 2.578 Loading class java/nio/file/attribute/FileOwnerAttributeView done
Event: 2.578 Loading class java/nio/file/attribute/AclFileAttributeView done
Event: 2.578 Loading class sun/nio/fs/AbstractAclFileAttributeView done
Event: 2.578 Loading class sun/nio/fs/WindowsAclFileAttributeView done
Event: 2.578 Loading class sun/nio/fs/WindowsSecurity
Event: 2.579 Loading class sun/nio/fs/WindowsSecurity done
Event: 2.580 Loading class sun/nio/fs/WindowsFileStore
Event: 2.580 Loading class java/nio/file/FileStore
Event: 2.580 Loading class java/nio/file/FileStore done
Event: 2.580 Loading class sun/nio/fs/WindowsFileStore done
Event: 2.591 Loading class java/net/URLClassLoader$1
Event: 2.591 Loading class java/net/URLClassLoader$1 done

Classes unloaded (0 events):
No events

Classes redefined (0 events):
No events

Internal exceptions (20 events):
Event: 0.538 Thread 0x000002762016cb50 Exception <a 'java/lang/NoSuchMethodError'{0x00000000d59e7d80}: 'void java.lang.invoke.DelegatingMethodHandle$Holder.reinvoke_L(java.lang.Object, java.lang.Object, java.lang.Object, int, java.lang.Object)'> (0x00000000d59e7d80) 
thrown [s\src\hotspot\share\interpreter\linkResolver.cpp, line 773]
Event: 0.545 Thread 0x000002762016cb50 Exception <a 'java/lang/NoSuchMethodError'{0x00000000d59f86d0}: 'int java.lang.invoke.DirectMethodHandle$Holder.invokeSpecial(java.lang.Object, java.lang.Object, java.lang.Object)'> (0x00000000d59f86d0) 
thrown [s\src\hotspot\share\interpreter\linkResolver.cpp, line 773]
Event: 0.549 Thread 0x000002762016cb50 Exception <a 'java/lang/NoSuchMethodError'{0x00000000d5a04390}: 'java.lang.Object java.lang.invoke.DirectMethodHandle$Holder.invokeStatic(java.lang.Object, java.lang.Object, int)'> (0x00000000d5a04390) 
thrown [s\src\hotspot\share\interpreter\linkResolver.cpp, line 773]
Event: 0.551 Thread 0x000002762016cb50 Exception <a 'java/lang/NoSuchMethodError'{0x00000000d5a08ce0}: 'void java.lang.invoke.DirectMethodHandle$Holder.invokeStatic(java.lang.Object, java.lang.Object, int, java.lang.Object)'> (0x00000000d5a08ce0) 
thrown [s\src\hotspot\share\interpreter\linkResolver.cpp, line 773]
Event: 0.554 Thread 0x000002762016cb50 Exception <a 'java/lang/NoSuchMethodError'{0x00000000d5a0c870}: 'void java.lang.invoke.DirectMethodHandle$Holder.invokeSpecial(java.lang.Object, java.lang.Object, java.lang.Object, int, java.lang.Object)'> (0x00000000d5a0c870) 
thrown [s\src\hotspot\share\interpreter\linkResolver.cpp, line 773]
Event: 0.555 Thread 0x000002762016cb50 Exception <a 'java/lang/NoSuchMethodError'{0x00000000d5a0fce0}: 'void java.lang.invoke.DelegatingMethodHandle$Holder.delegate(java.lang.Object, java.lang.Object, int, java.lang.Object)'> (0x00000000d5a0fce0) 
thrown [s\src\hotspot\share\interpreter\linkResolver.cpp, line 773]
Event: 0.991 Thread 0x000002762016cb50 Exception <a 'java/lang/NoSuchMethodError'{0x00000000d5bceef0}: 'void java.lang.invoke.DelegatingMethodHandle$Holder.reinvoke_L(java.lang.Object, java.lang.Object, java.lang.Object, int)'> (0x00000000d5bceef0) 
thrown [s\src\hotspot\share\interpreter\linkResolver.cpp, line 773]
Event: 1.532 Thread 0x000002762016cb50 Exception <a 'java/lang/NoSuchMethodError'{0x00000000d605a380}: 'void java.lang.invoke.DirectMethodHandle$Holder.invokeVirtual(java.lang.Object, java.lang.Object)'> (0x00000000d605a380) 
thrown [s\src\hotspot\share\interpreter\linkResolver.cpp, line 773]
Event: 1.980 Thread 0x000002762016cb50 Exception <a 'java/lang/NoSuchMethodError'{0x00000000d6437560}: 'void java.lang.invoke.DirectMethodHandle$Holder.invokeStatic(java.lang.Object, java.lang.Object)'> (0x00000000d6437560) 
thrown [s\src\hotspot\share\interpreter\linkResolver.cpp, line 773]
Event: 1.997 Thread 0x000002762016cb50 Exception <a 'java/lang/ClassNotFoundException'{0x00000000d645f6d8}: sun/net/www/protocol/c/Handler> (0x00000000d645f6d8) 
thrown [s\src\hotspot\share\classfile\systemDictionary.cpp, line 312]
Event: 2.109 Thread 0x000002762016cb50 Exception <a 'java/io/FileNotFoundException'{0x00000000d64b94b0}> (0x00000000d64b94b0) 
thrown [s\src\hotspot\share\prims\jni.cpp, line 520]
Event: 2.109 Thread 0x000002762016cb50 Exception <a 'java/io/FileNotFoundException'{0x00000000d64ba818}> (0x00000000d64ba818) 
thrown [s\src\hotspot\share\prims\jni.cpp, line 520]
Event: 2.110 Thread 0x000002762016cb50 Exception <a 'java/io/FileNotFoundException'{0x00000000d64bb490}> (0x00000000d64bb490) 
thrown [s\src\hotspot\share\prims\jni.cpp, line 520]
Event: 2.110 Thread 0x000002762016cb50 Exception <a 'java/io/FileNotFoundException'{0x00000000d64bbfd0}> (0x00000000d64bbfd0) 
thrown [s\src\hotspot\share\prims\jni.cpp, line 520]
Event: 2.115 Thread 0x000002762016cb50 Implicit null exception at 0x000002762ae61fa4 to 0x000002762ae62538
Event: 2.122 Thread 0x000002762016cb50 Exception <a 'java/io/FileNotFoundException'{0x00000000d64f4420}> (0x00000000d64f4420) 
thrown [s\src\hotspot\share\prims\jni.cpp, line 520]
Event: 2.154 Thread 0x000002762016cb50 Exception <a 'java/lang/NoSuchMethodError'{0x00000000d652c938}: 'java.lang.Object java.lang.invoke.DirectMethodHandle$Holder.invokeInterface(java.lang.Object, java.lang.Object)'> (0x00000000d652c938) 
thrown [s\src\hotspot\share\interpreter\linkResolver.cpp, line 773]
Event: 2.171 Thread 0x000002762016cb50 Exception <a 'java/lang/NoSuchMethodError'{0x00000000d6540170}: 'java.lang.Object java.lang.invoke.Invokers$Holder.invokeExact_MT(java.lang.Object, java.lang.Object, java.lang.Object, java.lang.Object, java.lang.Object, java.lang.Object)'> (0x00000000d6540170) 
thrown [s\src\hotspot\share\interpreter\linkResolver.cpp, line 773]
Event: 2.181 Thread 0x000002762016cb50 Exception <a 'java/lang/NoSuchMethodError'{0x00000000d65573c8}: 'int java.lang.invoke.DirectMethodHandle$Holder.invokeStatic(java.lang.Object, java.lang.Object, java.lang.Object, java.lang.Object, java.lang.Object)'> (0x00000000d65573c8) 
thrown [s\src\hotspot\share\interpreter\linkResolver.cpp, line 773]
Event: 2.230 Thread 0x000002762016cb50 Exception <a 'java/lang/NoSuchMethodError'{0x00000000d65eada8}: 'java.lang.Object java.lang.invoke.DirectMethodHandle$Holder.invokeInterface(java.lang.Object, java.lang.Object, int)'> (0x00000000d65eada8) 
thrown [s\src\hotspot\share\interpreter\linkResolver.cpp, line 773]

ZGC Phase Switch (0 events):
No events

VM Operations (12 events):
Event: 0.226 Executing VM operation: HandshakeAllThreads (Deoptimize)
Event: 0.226 Executing VM operation: HandshakeAllThreads (Deoptimize) done
Event: 0.467 Executing VM operation: HandshakeAllThreads (Deoptimize)
Event: 0.467 Executing VM operation: HandshakeAllThreads (Deoptimize) done
Event: 1.480 Executing VM operation: Cleanup
Event: 1.481 Executing VM operation: Cleanup done
Event: 1.911 Executing VM operation: HandshakeAllThreads (Deoptimize)
Event: 1.911 Executing VM operation: HandshakeAllThreads (Deoptimize) done
Event: 1.967 Executing VM operation: HandshakeAllThreads (Deoptimize)
Event: 1.967 Executing VM operation: HandshakeAllThreads (Deoptimize) done
Event: 2.970 Executing VM operation: Cleanup
Event: 3.002 Executing VM operation: Cleanup done

Memory protections (0 events):
No events

Nmethod flushes (0 events):
No events

Events (13 events):
Event: 0.067 Thread 0x000002762016cb50 Thread added: 0x000002762016cb50
Event: 0.116 Thread 0x000002762016cb50 Thread added: 0x000002762005a790
Event: 0.116 Thread 0x000002762016cb50 Thread added: 0x000002762005dc10
Event: 0.117 Thread 0x000002762016cb50 Thread added: 0x0000027620060760
Event: 0.117 Thread 0x000002762016cb50 Thread added: 0x00000276200613b0
Event: 0.117 Thread 0x000002762016cb50 Thread added: 0x0000027620063e10
Event: 0.117 Thread 0x000002762016cb50 Thread added: 0x0000027620064860
Event: 0.117 Thread 0x000002762016cb50 Thread added: 0x0000027620067aa0
Event: 0.129 Thread 0x000002762016cb50 Thread added: 0x00000276200dd7c0
Event: 0.196 Thread 0x000002762016cb50 Thread added: 0x00000276787994e0
Event: 1.167 Thread 0x000002762016cb50 Thread added: 0x0000027678949f30
Event: 1.589 Thread 0x00000276200dd7c0 Thread added: 0x0000027678a34a00
Event: 2.551 Thread 0x0000027678a34a00 Thread exited: 0x0000027678a34a00


Dynamic libraries:
0x00007ff6157f0000 - 0x00007ff6157fe000 	c:\Users\ASUS\.vscode\extensions\redhat.java-1.45.0-win32-x64\jre\21.0.8-win32-x86_64\bin\java.exe
0x00007ffa0fe00000 - 0x00007ffa10069000 	C:\WINDOWS\SYSTEM32\ntdll.dll
0x00007ffa0e490000 - 0x00007ffa0e559000 	C:\WINDOWS\System32\KERNEL32.DLL
0x00007ffa0d420000 - 0x00007ffa0d813000 	C:\WINDOWS\System32\KERNELBASE.dll
0x00007ffa0d2d0000 - 0x00007ffa0d41b000 	C:\WINDOWS\System32\ucrtbase.dll
0x00007ff9ef370000 - 0x00007ff9ef388000 	c:\Users\ASUS\.vscode\extensions\redhat.java-1.45.0-win32-x64\jre\21.0.8-win32-x86_64\bin\jli.dll
0x00007ffa0f730000 - 0x00007ffa0f8f4000 	C:\WINDOWS\System32\USER32.dll
0x00007ffa0dba0000 - 0x00007ffa0dbc7000 	C:\WINDOWS\System32\win32u.dll
0x00007ffa0e6f0000 - 0x00007ffa0e71b000 	C:\WINDOWS\System32\GDI32.dll
0x00007ffa0d1a0000 - 0x00007ffa0d2cd000 	C:\WINDOWS\System32\gdi32full.dll
0x00007ffa0d820000 - 0x00007ffa0d8c3000 	C:\WINDOWS\System32\msvcp_win.dll
0x00007ff9f2460000 - 0x00007ff9f247e000 	c:\Users\ASUS\.vscode\extensions\redhat.java-1.45.0-win32-x64\jre\21.0.8-win32-x86_64\bin\VCRUNTIME140.dll
0x00007ff9fbbf0000 - 0x00007ff9fbe83000 	C:\WINDOWS\WinSxS\amd64_microsoft.windows.common-controls_6595b64144ccf1df_6.0.26100.5074_none_3e0d6f78e32fd63f\COMCTL32.dll
0x00007ffa0dd70000 - 0x00007ffa0de19000 	C:\WINDOWS\System32\msvcrt.dll
0x00007ffa0e440000 - 0x00007ffa0e46f000 	C:\WINDOWS\System32\IMM32.DLL
0x00007ffa03030000 - 0x00007ffa0303c000 	c:\Users\ASUS\.vscode\extensions\redhat.java-1.45.0-win32-x64\jre\21.0.8-win32-x86_64\bin\vcruntime140_1.dll
0x00007ff9d5480000 - 0x00007ff9d550d000 	c:\Users\ASUS\.vscode\extensions\redhat.java-1.45.0-win32-x64\jre\21.0.8-win32-x86_64\bin\msvcp140.dll
0x00007ff9791e0000 - 0x00007ff979f77000 	c:\Users\ASUS\.vscode\extensions\redhat.java-1.45.0-win32-x64\jre\21.0.8-win32-x86_64\bin\server\jvm.dll
0x00007ffa0e720000 - 0x00007ffa0e7d4000 	C:\WINDOWS\System32\ADVAPI32.dll
0x00007ffa0fa00000 - 0x00007ffa0faa6000 	C:\WINDOWS\System32\sechost.dll
0x00007ffa0ef30000 - 0x00007ffa0f048000 	C:\WINDOWS\System32\RPCRT4.dll
0x00007ffa0fd40000 - 0x00007ffa0fdb4000 	C:\WINDOWS\System32\WS2_32.dll
0x00007ffa0cdf0000 - 0x00007ffa0ce4e000 	C:\WINDOWS\SYSTEM32\POWRPROF.dll
0x00007ffa05f80000 - 0x00007ffa05fb5000 	C:\WINDOWS\SYSTEM32\WINMM.dll
0x00007ffa05fc0000 - 0x00007ffa05fcb000 	C:\WINDOWS\SYSTEM32\VERSION.dll
0x00007ffa0cdd0000 - 0x00007ffa0cde4000 	C:\WINDOWS\SYSTEM32\UMPDC.dll
0x00007ffa0bd70000 - 0x00007ffa0bd8b000 	C:\WINDOWS\SYSTEM32\kernel.appcore.dll
0x00007ff9f0ea0000 - 0x00007ff9f0eaa000 	c:\Users\ASUS\.vscode\extensions\redhat.java-1.45.0-win32-x64\jre\21.0.8-win32-x86_64\bin\jimage.dll
0x00007ffa09df0000 - 0x00007ffa0a032000 	C:\WINDOWS\SYSTEM32\DBGHELP.DLL
0x00007ffa0dea0000 - 0x00007ffa0e21b000 	C:\WINDOWS\System32\combase.dll
0x00007ffa0e300000 - 0x00007ffa0e3d7000 	C:\WINDOWS\System32\OLEAUT32.dll
0x00007ff9ed2c0000 - 0x00007ff9ed2fd000 	C:\WINDOWS\SYSTEM32\dbgcore.DLL
0x00007ffa0d990000 - 0x00007ffa0da29000 	C:\WINDOWS\System32\bcryptPrimitives.dll
0x00007ff9ebeb0000 - 0x00007ff9ebebf000 	c:\Users\ASUS\.vscode\extensions\redhat.java-1.45.0-win32-x64\jre\21.0.8-win32-x86_64\bin\instrument.dll
0x00007ff9ec060000 - 0x00007ff9ec07f000 	c:\Users\ASUS\.vscode\extensions\redhat.java-1.45.0-win32-x64\jre\21.0.8-win32-x86_64\bin\java.dll
0x00007ffa0e7e0000 - 0x00007ffa0ef2d000 	C:\WINDOWS\System32\SHELL32.dll
0x00007ffa0da30000 - 0x00007ffa0db9c000 	C:\WINDOWS\System32\wintypes.dll
0x00007ffa0ac30000 - 0x00007ffa0b489000 	C:\WINDOWS\SYSTEM32\windows.storage.dll
0x00007ffa0fab0000 - 0x00007ffa0fba0000 	C:\WINDOWS\System32\SHCORE.dll
0x00007ffa0f4e0000 - 0x00007ffa0f542000 	C:\WINDOWS\System32\shlwapi.dll
0x00007ffa0ceb0000 - 0x00007ffa0ced9000 	C:\WINDOWS\SYSTEM32\profapi.dll
0x00007ff9ebca0000 - 0x00007ff9ebcb8000 	c:\Users\ASUS\.vscode\extensions\redhat.java-1.45.0-win32-x64\jre\21.0.8-win32-x86_64\bin\zip.dll
0x00007ff9eb260000 - 0x00007ff9eb270000 	C:\Users\ASUS\.vscode\extensions\redhat.java-1.45.0-win32-x64\jre\21.0.8-win32-x86_64\bin\net.dll
0x00007ffa02640000 - 0x00007ffa0275f000 	C:\WINDOWS\SYSTEM32\WINHTTP.dll
0x00007ffa0c2f0000 - 0x00007ffa0c35b000 	C:\WINDOWS\system32\mswsock.dll
0x00007ff9eb240000 - 0x00007ff9eb256000 	C:\Users\ASUS\.vscode\extensions\redhat.java-1.45.0-win32-x64\jre\21.0.8-win32-x86_64\bin\nio.dll
0x00007ff9ebe70000 - 0x00007ff9ebe80000 	c:\Users\ASUS\.vscode\extensions\redhat.java-1.45.0-win32-x64\jre\21.0.8-win32-x86_64\bin\verify.dll

JVMTI agents:
c:\Users\ASUS\.vscode\extensions\redhat.java-1.45.0-win32-x64\lombok\lombok-1.18.39-4050.jar path:c:\Users\ASUS\.vscode\extensions\redhat.java-1.45.0-win32-x64\jre\21.0.8-win32-x86_64\bin\instrument.dll, loaded, initialized, instrumentlib options:none

dbghelp: loaded successfully - version: 4.0.5 - missing functions: none
symbol engine: initialized successfully - sym options: 0x614 - pdb path: .;c:\Users\ASUS\.vscode\extensions\redhat.java-1.45.0-win32-x64\jre\21.0.8-win32-x86_64\bin;C:\WINDOWS\SYSTEM32;C:\WINDOWS\WinSxS\amd64_microsoft.windows.common-controls_6595b64144ccf1df_6.0.26100.5074_none_3e0d6f78e32fd63f;c:\Users\ASUS\.vscode\extensions\redhat.java-1.45.0-win32-x64\jre\21.0.8-win32-x86_64\bin\server

VM Arguments:
jvm_args: --add-modules=ALL-SYSTEM --add-opens=java.base/java.util=ALL-UNNAMED --add-opens=java.base/java.lang=ALL-UNNAMED --add-opens=java.base/sun.nio.fs=ALL-UNNAMED -Declipse.application=org.eclipse.jdt.ls.core.id1 -Dosgi.bundles.defaultStartLevel=4 -Declipse.product=org.eclipse.jdt.ls.core.product -Djava.import.generatesMetadataFilesAtProjectRoot=false -DDetectVMInstallationsJob.disabled=true -Dfile.encoding=utf8 -XX:+UseParallelGC -XX:GCTimeRatio=4 -XX:AdaptiveSizePolicyWeight=90 -Dsun.zip.disableMemoryMapping=true -Xmx2G -Xms100m -Xlog:disable -javaagent:c:\Users\ASUS\.vscode\extensions\redhat.java-1.45.0-win32-x64\lombok\lombok-1.18.39-4050.jar 
java_command: c:\Users\ASUS\.vscode\extensions\redhat.java-1.45.0-win32-x64\server\plugins\org.eclipse.equinox.launcher_1.7.0.v20250519-0528.jar -configuration c:\Users\ASUS\AppData\Roaming\Code\User\globalStorage\redhat.java\1.45.0\config_ss_win -data c:\Users\ASUS\AppData\Roaming\Code\User\workspaceStorage\bec8b7863ce966058d92dfe9fdbe782c\redhat.java\ss_ws --pipe=\\.\pipe\lsp-1db2354e74a2adf2ae746f57064ad98d-sock
java_class_path (initial): c:\Users\ASUS\.vscode\extensions\redhat.java-1.45.0-win32-x64\server\plugins\org.eclipse.equinox.launcher_1.7.0.v20250519-0528.jar
Launcher Type: SUN_STANDARD

[Global flags]
    uintx AdaptiveSizePolicyWeight                 = 90                                        {product} {command line}
     intx CICompilerCount                          = 3                                         {product} {ergonomic}
    uintx GCTimeRatio                              = 4                                         {product} {command line}
   size_t InitialHeapSize                          = 104857600                                 {product} {command line}
   size_t MaxHeapSize                              = 2147483648                                {product} {command line}
   size_t MaxNewSize                               = 715653120                                 {product} {ergonomic}
   size_t MinHeapDeltaBytes                        = 524288                                    {product} {ergonomic}
   size_t MinHeapSize                              = 104857600                                 {product} {command line}
   size_t NewSize                                  = 34603008                                  {product} {ergonomic}
    uintx NonNMethodCodeHeapSize                   = 5832780                                {pd product} {ergonomic}
    uintx NonProfiledCodeHeapSize                  = 122912730                              {pd product} {ergonomic}
   size_t OldSize                                  = 70254592                                  {product} {ergonomic}
    uintx ProfiledCodeHeapSize                     = 122912730                              {pd product} {ergonomic}
    uintx ReservedCodeCacheSize                    = 251658240                              {pd product} {ergonomic}
     bool SegmentedCodeCache                       = true                                      {product} {ergonomic}
   size_t SoftMaxHeapSize                          = 2147483648                             {manageable} {ergonomic}
     bool UseCompressedOops                        = true                           {product lp64_product} {ergonomic}
     bool UseLargePagesIndividualAllocation        = false                                  {pd product} {ergonomic}
     bool UseParallelGC                            = true                                      {product} {command line}

Logging:
Log output configuration:
 #0: stdout all=off uptime,level,tags foldmultilines=false
 #1: stderr all=off uptime,level,tags foldmultilines=false

Environment Variables:
PATH=D:\arduino\arduino-cli.exe;C:\Program Files\Git\cmd;C:\xampp\php;C:\composer;C:\Program Files\Go\bin;C:\Program Files\nodejs\;C:\Users\ASUS\AppData\Local\Programs\Python\Python313\Scripts\;C:\Users\ASUS\AppData\Local\Programs\Python\Python313\;C:\Users\ASUS\AppData\Local\Microsoft\WindowsApps;C:\Users\ASUS\AppData\Local\Programs\Microsoft VS Code\bin;C:\Users\ASUS\AppData\Roaming\Composer\vendor\bin;C:\Program Files\PostgreSQL\16\bin;C:\Program Files\MySQL\MySQL Server 8.0\bin;C:\Users\ASUS\Documents\Project Android\flutter_windows_3.27.4-stable\flutter\bin;C:\ProgramData\chocolatey\bin\shellcheck.exe;C:\ProgramData\chocolatey\bin\;D:\arduino;C:\xampp\php;C:\Users\ASUS\go\bin;C:\Users\ASUS\AppData\Roaming\npm;C:\Program Files\nodejs\;
USERNAME=ASUS
OS=Windows_NT
PROCESSOR_IDENTIFIER=AMD64 Family 23 Model 24 Stepping 1, AuthenticAMD
TMP=C:\Users\ASUS\AppData\Local\Temp
TEMP=C:\Users\ASUS\AppData\Local\Temp




Periodic native trim disabled

---------------  S Y S T E M  ---------------

OS:
 Windows 11 , 64 bit Build 26100 (10.0.26100.5074)
OS uptime: 0 days 5:21 hours

CPU: total 4 (initial active 4) (4 cores per cpu, 2 threads per core) family 23 model 24 stepping 1 microcode 0x8108109, cx8, cmov, fxsr, ht, mmx, 3dnowpref, sse, sse2, sse3, ssse3, sse4a, sse4.1, sse4.2, popcnt, lzcnt, tsc, tscinvbit, avx, avx2, aes, clmul, bmi1, bmi2, adx, sha, fma, vzeroupper, clflush, clflushopt, rdtscp, f16c
Processor Information for the first 4 processors :
  Max Mhz: 2600, Current Mhz: 2600, Mhz Limit: 2600

Memory: 4k page, system-wide physical 6093M (535M free)
TotalPageFile size 14686M (AvailPageFile size 4M)
current process WorkingSet (physical memory assigned to process): 69M, peak: 69M
current process commit charge ("private bytes"): 220M, peak: 221M

vm_info: OpenJDK 64-Bit Server VM (21.0.8+9-LTS) for windows-amd64 JRE (21.0.8+9-LTS), built on 2025-07-15T00:00:00Z by "admin" with MS VC++ 17.7 (VS2022)

END.
